<?xml version="1.0" encoding="UTF-8"?>
<!-- Generated by org.testng.reporters.JUnitXMLReporter -->
<testsuite ignored="0" hostname="Apoorvs-MBP.Dlink" failures="0" tests="3" name="FlipkartTests" time="10.43" errors="0" timestamp="2021-07-08T20:56:48 IST">
  <testcase classname="org.flipkart.tests.ValidateImagesForDealOfTheDayTest" name="validateImagesArePresentForAllTheDealOfTheDayItems" time="5.949"/>
  <testcase classname="org.flipkart.tests.ValidateGamesSubMenuTest" name="validateGamesUnderElectronicSection" time="6.799"/>
  <testcase classname="org.flipkart.tests.ValidateUserLoginTest" name="userIsAbleToLoginSuccsfully" time="8.03"/>
</testsuite> <!-- FlipkartTests -->
