<?xml version="1.0" encoding="UTF-8"?>
<testng-results ignored="0" total="3" passed="3" failed="0" skipped="0">
  <reporter-output>
  </reporter-output>
  <suite started-at="2021-07-08T20:56:38 IST" name="FlipkartTests" finished-at="2021-07-08T20:56:48 IST" duration-ms="10430">
    <groups>
    </groups>
    <test started-at="2021-07-08T20:56:38 IST" name="FlipkartTests" finished-at="2021-07-08T20:56:48 IST" duration-ms="10430">
      <class name="org.flipkart.tests.ValidateUserLoginTest">
        <test-method is-config="true" signature="appInitialization()[pri:0, instance:org.flipkart.tests.ValidateUserLoginTest@1b083826]" started-at="2021-07-08T20:56:38 IST" name="appInitialization" finished-at="2021-07-08T20:56:40 IST" duration-ms="2293" status="PASS">
          <reporter-output>
          </reporter-output>
        </test-method> <!-- appInitialization -->
        <test-method signature="userIsAbleToLoginSuccsfully()[pri:0, instance:org.flipkart.tests.ValidateUserLoginTest@1b083826]" started-at="2021-07-08T20:56:40 IST" name="userIsAbleToLoginSuccsfully" finished-at="2021-07-08T20:56:48 IST" duration-ms="8030" status="PASS">
          <reporter-output>
          </reporter-output>
        </test-method> <!-- userIsAbleToLoginSuccsfully -->
        <test-method is-config="true" signature="testTearDown()[pri:0, instance:org.flipkart.tests.ValidateUserLoginTest@1b083826]" started-at="2021-07-08T20:56:48 IST" name="testTearDown" finished-at="2021-07-08T20:56:48 IST" duration-ms="89" status="PASS">
          <reporter-output>
          </reporter-output>
        </test-method> <!-- testTearDown -->
      </class> <!-- org.flipkart.tests.ValidateUserLoginTest -->
      <class name="org.flipkart.tests.ValidateImagesForDealOfTheDayTest">
        <test-method is-config="true" signature="appInitialization()[pri:0, instance:org.flipkart.tests.ValidateImagesForDealOfTheDayTest@436a4e4b]" started-at="2021-07-08T20:56:38 IST" name="appInitialization" finished-at="2021-07-08T20:56:39 IST" duration-ms="1627" status="PASS">
          <reporter-output>
          </reporter-output>
        </test-method> <!-- appInitialization -->
        <test-method signature="validateImagesArePresentForAllTheDealOfTheDayItems()[pri:0, instance:org.flipkart.tests.ValidateImagesForDealOfTheDayTest@436a4e4b]" started-at="2021-07-08T20:56:39 IST" name="validateImagesArePresentForAllTheDealOfTheDayItems" finished-at="2021-07-08T20:56:45 IST" duration-ms="5949" status="PASS">
          <reporter-output>
          </reporter-output>
        </test-method> <!-- validateImagesArePresentForAllTheDealOfTheDayItems -->
        <test-method is-config="true" signature="testTearDown()[pri:0, instance:org.flipkart.tests.ValidateImagesForDealOfTheDayTest@436a4e4b]" started-at="2021-07-08T20:56:45 IST" name="testTearDown" finished-at="2021-07-08T20:56:45 IST" duration-ms="83" status="PASS">
          <reporter-output>
          </reporter-output>
        </test-method> <!-- testTearDown -->
      </class> <!-- org.flipkart.tests.ValidateImagesForDealOfTheDayTest -->
      <class name="org.flipkart.tests.ValidateGamesSubMenuTest">
        <test-method is-config="true" signature="appInitialization()[pri:0, instance:org.flipkart.tests.ValidateGamesSubMenuTest@657c8ad9]" started-at="2021-07-08T20:56:38 IST" name="appInitialization" finished-at="2021-07-08T20:56:39 IST" duration-ms="958" status="PASS">
          <reporter-output>
          </reporter-output>
        </test-method> <!-- appInitialization -->
        <test-method signature="validateGamesUnderElectronicSection()[pri:0, instance:org.flipkart.tests.ValidateGamesSubMenuTest@657c8ad9]" started-at="2021-07-08T20:56:39 IST" name="validateGamesUnderElectronicSection" finished-at="2021-07-08T20:56:46 IST" duration-ms="6799" status="PASS">
          <reporter-output>
          </reporter-output>
        </test-method> <!-- validateGamesUnderElectronicSection -->
        <test-method is-config="true" signature="testTearDown()[pri:0, instance:org.flipkart.tests.ValidateGamesSubMenuTest@657c8ad9]" started-at="2021-07-08T20:56:46 IST" name="testTearDown" finished-at="2021-07-08T20:56:46 IST" duration-ms="86" status="PASS">
          <reporter-output>
          </reporter-output>
        </test-method> <!-- testTearDown -->
      </class> <!-- org.flipkart.tests.ValidateGamesSubMenuTest -->
    </test> <!-- FlipkartTests -->
  </suite> <!-- FlipkartTests -->
</testng-results>
